2020-10-21 21:56:36.652 INFO  s.k.c.p.i.p.MethodAspect6$TargetMethodAdvice - Exception caught when writing xml to file: /tmp/pankti-object-data/com.turn.ttorrent.common.protocol.AnnounceRequestMessage$RequestEvent.getEventName-returned.xml
2020-10-21 21:56:36.653 INFO  s.k.c.p.i.p.MethodAspect6$TargetMethodAdvice - rowInCSVFile: public,com.turn.ttorrent.common.protocol.AnnounceRequestMessage$RequestEvent,getEventName,,java.lang.String,,False,False,False,False,False,True,False,False,False,False,pseudo-tested
java.util.ConcurrentModificationException
	at java.base/java.util.TreeMap$PrivateEntryIterator.nextEntry(TreeMap.java:1208)
	at java.base/java.util.TreeMap$KeyIterator.next(TreeMap.java:1262)
	at com.thoughtworks.xstream.core.util.PrioritizedList$PrioritizedItemIterator.next(PrioritizedList.java:91)
	at com.thoughtworks.xstream.core.DefaultConverterLookup.lookupConverterForType(DefaultConverterLookup.java:73)
	at com.thoughtworks.xstream.XStream$1.lookupConverterForType(XStream.java:517)
	at com.thoughtworks.xstream.core.TreeMarshaller.convertAnother(TreeMarshaller.java:48)
	at com.thoughtworks.xstream.core.TreeMarshaller.convertAnother(TreeMarshaller.java:43)
	at com.thoughtworks.xstream.core.TreeMarshaller.start(TreeMarshaller.java:82)
	at com.thoughtworks.xstream.core.AbstractTreeMarshallingStrategy.marshal(AbstractTreeMarshallingStrategy.java:37)
	at com.thoughtworks.xstream.XStream.marshal(XStream.java:1320)
	at com.thoughtworks.xstream.XStream.marshal(XStream.java:1309)
	at com.thoughtworks.xstream.XStream.toXML(XStream.java:1282)
	at com.thoughtworks.xstream.XStream.toXML(XStream.java:1269)
	at se.kth.castor.pankti.instrument.plugins.MethodAspect6$TargetMethodAdvice.writeObjectXMLToFile(MethodAspect6.java:64)
	at se.kth.castor.pankti.instrument.plugins.MethodAspect6$TargetMethodAdvice.onReturn(MethodAspect6.java:149)
	at com.turn.ttorrent.common.protocol.AnnounceRequestMessage$RequestEvent.getEventName(AnnounceRequestMessage.java:50)
	at com.turn.ttorrent.common.protocol.http.HTTPAnnounceRequestMessage.craft(HTTPAnnounceRequestMessage.java:291)
	at com.turn.ttorrent.client.announce.HTTPTrackerClient.buildAnnounceRequest(HTTPTrackerClient.java:317)
	at com.turn.ttorrent.client.announce.HTTPTrackerClient.encodeAnnounceToURL(HTTPTrackerClient.java:176)
	at com.turn.ttorrent.client.announce.HTTPTrackerClient.announce(HTTPTrackerClient.java:83)
	at com.turn.ttorrent.client.announce.TrackerClient.announceAllInterfaces(TrackerClient.java:73)
	at com.turn.ttorrent.client.CommunicationManager.validatePieceAsync(CommunicationManager.java:787)
	at com.turn.ttorrent.client.CommunicationManager.access$000(CommunicationManager.java:73)
	at com.turn.ttorrent.client.CommunicationManager$1.run(CommunicationManager.java:726)
	at java.base/java.util.concurrent.Executors$RunnableAdapter.call(Executors.java:515)
	at java.base/java.util.concurrent.FutureTask.run(FutureTask.java:264)
	at java.base/java.util.concurrent.ThreadPoolExecutor.runWorker(ThreadPoolExecutor.java:1128)
	at java.base/java.util.concurrent.ThreadPoolExecutor$Worker.run(ThreadPoolExecutor.java:628)
	at java.base/java.lang.Thread.run(Thread.java:834)
2020-10-21 21:56:36.657 INFO  s.k.c.p.i.p.MethodAspect8$TargetMethodAdvice - Exception caught when writing xml to file: /tmp/pankti-object-data/com.turn.ttorrent.network.ConnectionWorker.stop_int,java.util.concurrent.TimeUnit-receiving.xml
2020-10-21 21:56:36.658 INFO  s.k.c.p.i.p.MethodAspect8$TargetMethodAdvice - rowInCSVFile: public,com.turn.ttorrent.network.ConnectionWorker,stop,"int,java.util.concurrent.TimeUnit",boolean,ILjava/util/concurrent/TimeUnit;,False,False,True,False,True,True,False,True,False,True,pseudo-tested
java.util.ConcurrentModificationException
	at java.base/java.util.TreeMap$PrivateEntryIterator.nextEntry(TreeMap.java:1208)
	at java.base/java.util.TreeMap$KeyIterator.next(TreeMap.java:1262)
	at com.thoughtworks.xstream.core.util.PrioritizedList$PrioritizedItemIterator.next(PrioritizedList.java:91)
	at com.thoughtworks.xstream.core.DefaultConverterLookup.lookupConverterForType(DefaultConverterLookup.java:73)
	at com.thoughtworks.xstream.XStream$1.lookupConverterForType(XStream.java:517)
	at com.thoughtworks.xstream.core.TreeMarshaller.convertAnother(TreeMarshaller.java:48)
	at com.thoughtworks.xstream.core.AbstractReferenceMarshaller$1.convertAnother(AbstractReferenceMarshaller.java:83)
	at com.thoughtworks.xstream.converters.reflection.AbstractReflectionConverter.marshallField(AbstractReflectionConverter.java:270)
	at com.thoughtworks.xstream.converters.reflection.AbstractReflectionConverter$2.writeField(AbstractReflectionConverter.java:174)
	at com.thoughtworks.xstream.converters.reflection.AbstractReflectionConverter.doMarshal(AbstractReflectionConverter.java:262)
	at com.thoughtworks.xstream.converters.reflection.AbstractReflectionConverter.marshal(AbstractReflectionConverter.java:90)
	at com.thoughtworks.xstream.core.AbstractReferenceMarshaller.convert(AbstractReferenceMarshaller.java:68)
	at com.thoughtworks.xstream.core.TreeMarshaller.convertAnother(TreeMarshaller.java:58)
	at com.thoughtworks.xstream.core.AbstractReferenceMarshaller$1.convertAnother(AbstractReferenceMarshaller.java:83)
	at com.thoughtworks.xstream.converters.reflection.AbstractReflectionConverter.marshallField(AbstractReflectionConverter.java:270)
	at com.thoughtworks.xstream.converters.reflection.AbstractReflectionConverter$2.writeField(AbstractReflectionConverter.java:174)
	at com.thoughtworks.xstream.converters.reflection.AbstractReflectionConverter.doMarshal(AbstractReflectionConverter.java:262)
	at com.thoughtworks.xstream.converters.reflection.AbstractReflectionConverter.marshal(AbstractReflectionConverter.java:90)
	at com.thoughtworks.xstream.core.AbstractReferenceMarshaller.convert(AbstractReferenceMarshaller.java:68)
	at com.thoughtworks.xstream.core.TreeMarshaller.convertAnother(TreeMarshaller.java:58)
	at com.thoughtworks.xstream.core.TreeMarshaller.convertAnother(TreeMarshaller.java:43)
	at com.thoughtworks.xstream.core.TreeMarshaller.start(TreeMarshaller.java:82)
	at com.thoughtworks.xstream.core.AbstractTreeMarshallingStrategy.marshal(AbstractTreeMarshallingStrategy.java:37)
	at com.thoughtworks.xstream.XStream.marshal(XStream.java:1320)
	at com.thoughtworks.xstream.XStream.marshal(XStream.java:1309)
	at com.thoughtworks.xstream.XStream.toXML(XStream.java:1282)
	at com.thoughtworks.xstream.XStream.toXML(XStream.java:1269)
	at se.kth.castor.pankti.instrument.plugins.MethodAspect8$TargetMethodAdvice.writeObjectXMLToFile(MethodAspect8.java:64)
	at se.kth.castor.pankti.instrument.plugins.MethodAspect8$TargetMethodAdvice.onBefore(MethodAspect8.java:134)
	at com.turn.ttorrent.network.ConnectionWorker.stop(ConnectionWorker.java)
	at com.turn.ttorrent.network.ConnectionManager.close(ConnectionManager.java:118)
	at com.turn.ttorrent.network.ConnectionManager.close(ConnectionManager.java:159)
	at com.turn.ttorrent.client.CommunicationManager.stop(CommunicationManager.java:467)
	at com.turn.ttorrent.client.SimpleClient.stop(SimpleClient.java:31)
	at com.turn.ttorrent.client.SimpleClient.stop(SimpleClient.java:27)
	at com.turn.ttorrent.cli.ClientMain.main(ClientMain.java:162)